# JRE version: Java(TM) SE Runtime Environment (11.0.4+10) (build 11.0.4+10-LTS)
# Java VM: Java HotSpot(TM) 64-Bit Server VM (11.0.4+10-LTS, mixed mode, tiered, compressed oops, g1 gc, linux-amd64)
Heap:
 garbage-first heap   total 262144K, used 184793K [0x00000000c0000000, 0x0000000100000000)
  region size 1024K, 68 young (69632K), 4 survivors (4096K)
 Metaspace       used 130887K, capacity 140680K, committed 140928K, reserved 1171456K
  class space    used 15047K, capacity 18235K, committed 18304K, reserved 1048576K
GC Heap History (10 events):
Event: 37,603 GC heap before
{Heap before GC invocations=17 (full 0):
 garbage-first heap   total 262144K, used 201261K [0x00000000c0000000, 0x0000000100000000)
  region size 1024K, 119 young (121856K), 16 survivors (16384K)
 Metaspace       used 114325K, capacity 123302K, committed 123648K, reserved 1157120K
  class space    used 13203K, capacity 16119K, committed 16128K, reserved 1048576K
}
Event: 37,620 GC heap after
{Heap after GC invocations=18 (full 0):
 garbage-first heap   total 262144K, used 104233K [0x00000000c0000000, 0x0000000100000000)
  region size 1024K, 10 young (10240K), 10 survivors (10240K)
 Metaspace       used 114325K, capacity 123302K, committed 123648K, reserved 1157120K
  class space    used 13203K, capacity 16119K, committed 16128K, reserved 1048576K
}
Event: 38,487 GC heap before
{Heap before GC invocations=18 (full 0):
 garbage-first heap   total 262144K, used 201513K [0x00000000c0000000, 0x0000000100000000)
  region size 1024K, 106 young (108544K), 10 survivors (10240K)
 Metaspace       used 116117K, capacity 125043K, committed 125312K, reserved 1159168K
  class space    used 13355K, capacity 16251K, committed 16256K, reserved 1048576K
}
Event: 38,515 GC heap after
{Heap after GC invocations=19 (full 0):
 garbage-first heap   total 262144K, used 107709K [0x00000000c0000000, 0x0000000100000000)
  region size 1024K, 4 young (4096K), 4 survivors (4096K)
 Metaspace       used 116117K, capacity 125043K, committed 125312K, reserved 1159168K
  class space    used 13355K, capacity 16251K, committed 16256K, reserved 1048576K
}
Event: 78,885 GC heap before
{Heap before GC invocations=19 (full 0):
 garbage-first heap   total 262144K, used 209085K [0x00000000c0000000, 0x0000000100000000)
  region size 1024K, 102 young (104448K), 4 survivors (4096K)
 Metaspace       used 122253K, capacity 131376K, committed 131712K, reserved 1163264K
  class space    used 14068K, capacity 17008K, committed 17024K, reserved 1048576K
}
Event: 78,899 GC heap after
{Heap after GC invocations=20 (full 0):
 garbage-first heap   total 262144K, used 110085K [0x00000000c0000000, 0x0000000100000000)
  region size 1024K, 5 young (5120K), 5 survivors (5120K)
 Metaspace       used 122253K, capacity 131376K, committed 131712K, reserved 1163264K
  class space    used 14068K, capacity 17008K, committed 17024K, reserved 1048576K
}
Event: 83,657 GC heap before
{Heap before GC invocations=20 (full 0):
 garbage-first heap   total 262144K, used 211461K [0x00000000c0000000, 0x0000000100000000)
  region size 1024K, 104 young (106496K), 5 survivors (5120K)
 Metaspace       used 123229K, capacity 132397K, committed 132736K, reserved 1165312K
  class space    used 14152K, capacity 17154K, committed 17280K, reserved 1048576K
}
Event: 83,670 GC heap after
{Heap after GC invocations=21 (full 0):
 garbage-first heap   total 262144K, used 118298K [0x00000000c0000000, 0x0000000100000000)
  region size 1024K, 13 young (13312K), 13 survivors (13312K)
 Metaspace       used 123229K, capacity 132397K, committed 132736K, reserved 1165312K
  class space    used 14152K, capacity 17154K, committed 17280K, reserved 1048576K
}
Event: 100,945 GC heap before
{Heap before GC invocations=21 (full 0):
 garbage-first heap   total 262144K, used 212506K [0x00000000c0000000, 0x0000000100000000)
  region size 1024K, 106 young (108544K), 13 survivors (13312K)
 Metaspace       used 123844K, capacity 133202K, committed 133632K, reserved 1165312K
  class space    used 14213K, capacity 17293K, committed 17408K, reserved 1048576K
}
Event: 100,956 GC heap after
{Heap after GC invocations=22 (full 0):
 garbage-first heap   total 262144K, used 121305K [0x00000000c0000000, 0x0000000100000000)
  region size 1024K, 4 young (4096K), 4 survivors (4096K)
 Metaspace       used 123844K, capacity 133202K, committed 133632K, reserved 1165312K
  class space    used 14213K, capacity 17293K, committed 17408K, reserved 1048576K
}

